  Carte.cpp
  CarteCaisseDeCommunaute.cpp
C:\Users\LMT\Desktop\Monopoly\Monopoly-VS\Monopoly\CarteCaisseDeCommunaute.cpp(14,7): error C2082: redéfinition du paramètre formel 'id'
  CarteChance.cpp
C:\Users\LMT\Desktop\Monopoly\Monopoly-VS\Monopoly\CarteChance.cpp(13,10): error C2082: redéfinition du paramètre formel 'id'
  CaseAllerPrison.cpp
  CaseCaisseDeCommunauté.cpp
  CaseChance.cpp
C:\Users\LMT\Desktop\Monopoly\Monopoly-VS\Monopoly\CaseChance.h(5,10): fatal  error C1083: Impossible d'ouvrir le fichier include : 'Case.h' : No such file or directory
  CaseDepart.cpp
  CaseParcGratuit.cpp
C:\Users\LMT\Desktop\Monopoly\Monopoly-VS\Monopoly\CasePropriete.h(18,16): error C3646: 'getProprietaire' : spécificateur de substitution inconnu
C:\Users\LMT\Desktop\Monopoly\Monopoly-VS\Monopoly\CasePropriete.h(18,31): error C2059: erreur de syntaxe : '('
C:\Users\LMT\Desktop\Monopoly\Monopoly-VS\Monopoly\CasePropriete.h(18,33): error C2238: jetons inattendus avant ';'
C:\Users\LMT\Desktop\Monopoly\Monopoly-VS\Monopoly\CasePropriete.h(20,14): error C2535: 'bool CasePropriete::getHypotheque(void)' : fonction membre déjà définie ou déclarée
C:\Users\LMT\Desktop\Monopoly\Monopoly-VS\Monopoly\CasePropriete.h(17,14): message : voir la déclaration de 'CasePropriete::getHypotheque'
C:\Users\LMT\Desktop\Monopoly\Monopoly-VS\Monopoly\CasePropriete.h(22,30): error C2061: erreur de syntaxe : identificateur 'Joueur'
C:\Users\LMT\Desktop\Monopoly\Monopoly-VS\Monopoly\CasePropriete.h(30,16): error C3646: 'proprietaire_' : spécificateur de substitution inconnu
C:\Users\LMT\Desktop\Monopoly\Monopoly-VS\Monopoly\CasePropriete.h(30,29): error C4430: spécificateur de type manquant - int est pris en compte par défaut. Remarque : C++ ne prend pas en charge int par défaut
  CasePrison.cpp
  CaseTaxe.cpp
  FabriqueCase.cpp
C:\Users\LMT\Desktop\Monopoly\Monopoly-VS\Monopoly\CaseChance.h(5,10): fatal  error C1083: Impossible d'ouvrir le fichier include : 'Case.h' : No such file or directory
  Gare.cpp
C:\Users\LMT\Desktop\Monopoly\Monopoly-VS\Monopoly\CasePropriete.h(20,14): error C2535: 'bool CasePropriete::getHypotheque(void)' : fonction membre déjà définie ou déclarée
C:\Users\LMT\Desktop\Monopoly\Monopoly-VS\Monopoly\CasePropriete.h(17,14): message : voir la déclaration de 'CasePropriete::getHypotheque'
C:\Users\LMT\Desktop\Monopoly\Monopoly-VS\Monopoly\GroupeGare.h(11,32): error C2504: 'Gare' : classe de base non définie
C:\Users\LMT\Desktop\Monopoly\Monopoly-VS\Monopoly\GroupeGare.h(15,22): error C2061: erreur de syntaxe : identificateur 'Gare'
C:\Users\LMT\Desktop\Monopoly\Monopoly-VS\Monopoly\GroupeGare.h(21,15): error C2065: 'Gare' : identificateur non déclaré
C:\Users\LMT\Desktop\Monopoly\Monopoly-VS\Monopoly\GroupeGare.h(21,10): error C2923: std::list' : 'Gare' n'est pas un argument de type modèle valide pour le paramètre '_Ty'.
C:\Users\LMT\Desktop\Monopoly\Monopoly-VS\Monopoly\GroupeGare.h(21,15): message : voir la déclaration de 'Gare'
C:\Users\LMT\Desktop\Monopoly\Monopoly-VS\Monopoly\GroupeGare.h(21,10): error C2976: 'std::list' : nombre d'arguments modèle insuffisant
C:\Program Files\Microsoft Visual Studio\2022\Community\VC\Tools\MSVC\14.35.32215\include\list(756,1): message : voir la déclaration de 'std::list'
C:\Users\LMT\Desktop\Monopoly\Monopoly-VS\Monopoly\GroupeGare.h(23,1): fatal  error C1070: non concordance #if/#endif dans le fichier 'C:\Users\LMT\Desktop\Monopoly\Monopoly-VS\Monopoly\GroupeGare.h'
  GroupeGare.cpp
C:\Users\LMT\Desktop\Monopoly\Monopoly-VS\Monopoly\CasePropriete.h(20,14): error C2535: 'bool CasePropriete::getHypotheque(void)' : fonction membre déjà définie ou déclarée
C:\Users\LMT\Desktop\Monopoly\Monopoly-VS\Monopoly\CasePropriete.h(17,14): message : voir la déclaration de 'CasePropriete::getHypotheque'
C:\Users\LMT\Desktop\Monopoly\Monopoly-VS\Monopoly\GroupeGare.h(11,32): error C2504: 'Gare' : classe de base non définie
C:\Users\LMT\Desktop\Monopoly\Monopoly-VS\Monopoly\GroupeGare.h(15,22): error C2061: erreur de syntaxe : identificateur 'Gare'
C:\Users\LMT\Desktop\Monopoly\Monopoly-VS\Monopoly\GroupeGare.h(21,15): error C2065: 'Gare' : identificateur non déclaré
C:\Users\LMT\Desktop\Monopoly\Monopoly-VS\Monopoly\GroupeGare.h(21,10): error C2923: std::list' : 'Gare' n'est pas un argument de type modèle valide pour le paramètre '_Ty'.
C:\Users\LMT\Desktop\Monopoly\Monopoly-VS\Monopoly\GroupeGare.h(21,15): message : voir la déclaration de 'Gare'
C:\Users\LMT\Desktop\Monopoly\Monopoly-VS\Monopoly\GroupeGare.h(21,10): error C2976: 'std::list' : nombre d'arguments modèle insuffisant
C:\Program Files\Microsoft Visual Studio\2022\Community\VC\Tools\MSVC\14.35.32215\include\list(756,1): message : voir la déclaration de 'std::list'
C:\Users\LMT\Desktop\Monopoly\Monopoly-VS\Monopoly\GroupeGare.h(23,1): fatal  error C1070: non concordance #if/#endif dans le fichier 'C:\Users\LMT\Desktop\Monopoly\Monopoly-VS\Monopoly\GroupeGare.h'
  GroupeServicePublic.cpp
C:\Users\LMT\Desktop\Monopoly\Monopoly-VS\Monopoly\CasePropriete.h(20,14): error C2535: 'bool CasePropriete::getHypotheque(void)' : fonction membre déjà définie ou déclarée
C:\Users\LMT\Desktop\Monopoly\Monopoly-VS\Monopoly\CasePropriete.h(17,14): message : voir la déclaration de 'CasePropriete::getHypotheque'
C:\Users\LMT\Desktop\Monopoly\Monopoly-VS\Monopoly\GroupeServicePublic.h(11,50): error C2504: 'ServicePublic' : classe de base non définie
C:\Users\LMT\Desktop\Monopoly\Monopoly-VS\Monopoly\GroupeServicePublic.h(15,22): error C2061: erreur de syntaxe : identificateur 'ServicePublic'
C:\Users\LMT\Desktop\Monopoly\Monopoly-VS\Monopoly\GroupeServicePublic.h(23,1): fatal  error C1070: non concordance #if/#endif dans le fichier 'C:\Users\LMT\Desktop\Monopoly\Monopoly-VS\Monopoly\GroupeServicePublic.h'
  GroupeTerrain.cpp
C:\Users\LMT\Desktop\Monopoly\Monopoly-VS\Monopoly\CasePropriete.h(20,14): error C2535: 'bool CasePropriete::getHypotheque(void)' : fonction membre déjà définie ou déclarée
C:\Users\LMT\Desktop\Monopoly\Monopoly-VS\Monopoly\CasePropriete.h(17,14): message : voir la déclaration de 'CasePropriete::getHypotheque'
  Joueur.cpp
C:\Users\LMT\Desktop\Monopoly\Monopoly-VS\Monopoly\CasePropriete.h(20,14): error C2535: 'bool CasePropriete::getHypotheque(void)' : fonction membre déjà définie ou déclarée
C:\Users\LMT\Desktop\Monopoly\Monopoly-VS\Monopoly\CasePropriete.h(17,14): message : voir la déclaration de 'CasePropriete::getHypotheque'
  JeuMonopoly.cpp
C:\Users\LMT\Desktop\Monopoly\Monopoly-VS\Monopoly\CasePropriete.h(18,16): error C3646: 'getProprietaire' : spécificateur de substitution inconnu
C:\Users\LMT\Desktop\Monopoly\Monopoly-VS\Monopoly\CasePropriete.h(18,31): error C2059: erreur de syntaxe : '('
C:\Users\LMT\Desktop\Monopoly\Monopoly-VS\Monopoly\CasePropriete.h(18,33): error C2238: jetons inattendus avant ';'
C:\Users\LMT\Desktop\Monopoly\Monopoly-VS\Monopoly\CasePropriete.h(20,14): error C2535: 'bool CasePropriete::getHypotheque(void)' : fonction membre déjà définie ou déclarée
C:\Users\LMT\Desktop\Monopoly\Monopoly-VS\Monopoly\CasePropriete.h(17,14): message : voir la déclaration de 'CasePropriete::getHypotheque'
C:\Users\LMT\Desktop\Monopoly\Monopoly-VS\Monopoly\CasePropriete.h(22,30): error C2061: erreur de syntaxe : identificateur 'Joueur'
C:\Users\LMT\Desktop\Monopoly\Monopoly-VS\Monopoly\CasePropriete.h(30,16): error C3646: 'proprietaire_' : spécificateur de substitution inconnu
C:\Users\LMT\Desktop\Monopoly\Monopoly-VS\Monopoly\CasePropriete.h(30,29): error C4430: spécificateur de type manquant - int est pris en compte par défaut. Remarque : C++ ne prend pas en charge int par défaut
C:\Users\LMT\Desktop\Monopoly\Monopoly-VS\Monopoly\GroupeGare.h(11,32): error C2504: 'Gare' : classe de base non définie
C:\Users\LMT\Desktop\Monopoly\Monopoly-VS\Monopoly\GroupeGare.h(15,22): error C2061: erreur de syntaxe : identificateur 'Gare'
C:\Users\LMT\Desktop\Monopoly\Monopoly-VS\Monopoly\GroupeGare.h(21,15): error C2065: 'Gare' : identificateur non déclaré
C:\Users\LMT\Desktop\Monopoly\Monopoly-VS\Monopoly\GroupeGare.h(21,10): error C2923: std::list' : 'Gare' n'est pas un argument de type modèle valide pour le paramètre '_Ty'.
C:\Users\LMT\Desktop\Monopoly\Monopoly-VS\Monopoly\GroupeGare.h(21,15): message : voir la déclaration de 'Gare'
C:\Users\LMT\Desktop\Monopoly\Monopoly-VS\Monopoly\GroupeGare.h(21,10): error C2976: 'std::list' : nombre d'arguments modèle insuffisant
C:\Program Files\Microsoft Visual Studio\2022\Community\VC\Tools\MSVC\14.35.32215\include\list(756,1): message : voir la déclaration de 'std::list'
C:\Users\LMT\Desktop\Monopoly\Monopoly-VS\Monopoly\GroupeGare.h(23,1): fatal  error C1070: non concordance #if/#endif dans le fichier 'C:\Users\LMT\Desktop\Monopoly\Monopoly-VS\Monopoly\GroupeGare.h'
  De.cpp
C:\Users\LMT\Desktop\Monopoly\Monopoly-VS\Monopoly\De.cpp(18,15): warning C4244: 'argument' : conversion de 'time_t' en 'unsigned int', perte possible de données
  Case.cpp
  CasePropriete.cpp
C:\Users\LMT\Desktop\Monopoly\Monopoly-VS\Monopoly\CasePropriete.h(18,16): error C3646: 'getProprietaire' : spécificateur de substitution inconnu
C:\Users\LMT\Desktop\Monopoly\Monopoly-VS\Monopoly\CasePropriete.h(18,31): error C2059: erreur de syntaxe : '('
C:\Users\LMT\Desktop\Monopoly\Monopoly-VS\Monopoly\CasePropriete.h(18,33): error C2238: jetons inattendus avant ';'
C:\Users\LMT\Desktop\Monopoly\Monopoly-VS\Monopoly\CasePropriete.h(20,14): error C2535: 'bool CasePropriete::getHypotheque(void)' : fonction membre déjà définie ou déclarée
C:\Users\LMT\Desktop\Monopoly\Monopoly-VS\Monopoly\CasePropriete.h(17,14): message : voir la déclaration de 'CasePropriete::getHypotheque'
C:\Users\LMT\Desktop\Monopoly\Monopoly-VS\Monopoly\CasePropriete.h(22,30): error C2061: erreur de syntaxe : identificateur 'Joueur'
C:\Users\LMT\Desktop\Monopoly\Monopoly-VS\Monopoly\CasePropriete.h(30,16): error C3646: 'proprietaire_' : spécificateur de substitution inconnu
C:\Users\LMT\Desktop\Monopoly\Monopoly-VS\Monopoly\CasePropriete.h(30,29): error C4430: spécificateur de type manquant - int est pris en compte par défaut. Remarque : C++ ne prend pas en charge int par défaut
C:\Users\LMT\Desktop\Monopoly\Monopoly-VS\Monopoly\CasePropriete.cpp(5,10): warning C4067: jetons inattendus après la directive du préprocesseur - saut de ligne attendu
C:\Users\LMT\Desktop\Monopoly\Monopoly-VS\Monopoly\CasePropriete.cpp(30,23): error C2039: 'getProprietaire' n'est pas membre de 'CasePropriete'
C:\Users\LMT\Desktop\Monopoly\Monopoly-VS\Monopoly\CasePropriete.h(11,7): message : voir la déclaration de 'CasePropriete'
C:\Users\LMT\Desktop\Monopoly\Monopoly-VS\Monopoly\CasePropriete.cpp(31,12): error C2355: 'this' : ne peut être référencé qu'à l'intérieur de fonctions membres non static ou d'initialiseurs de membres de données non static
C:\Users\LMT\Desktop\Monopoly\Monopoly-VS\Monopoly\CasePropriete.cpp(46,21): error C2511: 'void CasePropriete::setProprietaire(Joueur &)' : impossible de trouver la fonction membre surchargée dans 'CasePropriete'
C:\Users\LMT\Desktop\Monopoly\Monopoly-VS\Monopoly\CasePropriete.h(11,7): message : voir la déclaration de 'CasePropriete'
C:\Users\LMT\Desktop\Monopoly\Monopoly-VS\Monopoly\CasePropriete.cpp(47,5): error C2671: 'CasePropriete::setProprietaire' : les fonctions membres static n'ont pas de pointeurs 'this'
C:\Users\LMT\Desktop\Monopoly\Monopoly-VS\Monopoly\CasePropriete.cpp(48,5): error C2671: 'CasePropriete::setProprietaire' : les fonctions membres static n'ont pas de pointeurs 'this'
C:\Users\LMT\Desktop\Monopoly\Monopoly-VS\Monopoly\CasePropriete.cpp(52,33): error C2039: 'getProprietaire' n'est pas membre de 'CasePropriete'
C:\Users\LMT\Desktop\Monopoly\Monopoly-VS\Monopoly\CasePropriete.h(11,7): message : voir la déclaration de 'CasePropriete'
  Compilation en cours...
  Plateau.cpp
C:\Users\LMT\Desktop\Monopoly\Monopoly-VS\Monopoly\Plateau.cpp(18,38): warning C4018: '<' : incompatibilité signed/unsigned
  ServicePublic.cpp
C:\Users\LMT\Desktop\Monopoly\Monopoly-VS\Monopoly\CasePropriete.h(20,14): error C2535: 'bool CasePropriete::getHypotheque(void)' : fonction membre déjà définie ou déclarée
C:\Users\LMT\Desktop\Monopoly\Monopoly-VS\Monopoly\CasePropriete.h(17,14): message : voir la déclaration de 'CasePropriete::getHypotheque'
C:\Users\LMT\Desktop\Monopoly\Monopoly-VS\Monopoly\GroupeServicePublic.h(11,50): error C2504: 'ServicePublic' : classe de base non définie
C:\Users\LMT\Desktop\Monopoly\Monopoly-VS\Monopoly\GroupeServicePublic.h(15,22): error C2061: erreur de syntaxe : identificateur 'ServicePublic'
C:\Users\LMT\Desktop\Monopoly\Monopoly-VS\Monopoly\GroupeServicePublic.h(23,1): fatal  error C1070: non concordance #if/#endif dans le fichier 'C:\Users\LMT\Desktop\Monopoly\Monopoly-VS\Monopoly\GroupeServicePublic.h'
  Terrain.cpp
C:\Users\LMT\Desktop\Monopoly\Monopoly-VS\Monopoly\CasePropriete.h(20,14): error C2535: 'bool CasePropriete::getHypotheque(void)' : fonction membre déjà définie ou déclarée
C:\Users\LMT\Desktop\Monopoly\Monopoly-VS\Monopoly\CasePropriete.h(17,14): message : voir la déclaration de 'CasePropriete::getHypotheque'
